1635315835188:help
1635315840024:connect
1635316580211:help
1635316584856:connect
1635316590962:select-db
1635316608066:select_db 1
1635316625686:connect
1635316659161:selectDB 1
1635316665206:help
1635316668927:select-db 1
1635316692678:select-db 2
1635316806397:connect
1635316812526:select_db 1
1635316821453:select-db 1
1635316836760:select-db 2
1635316840728:select-db 1
1635317016342:connect
1635317019782:select-db 1
1635317066242:select-db 2
1635317101740:select-db 1
1635317998375:help
1635318004660:select-db 1
1635318013570:1
1635318019926:chapa 1
1635318027873:help
1635318208647:select-db 1
1635318212752:help
1635318224295:chapa 1
1635318620680:help
1635318624536:chapa 1
1635319405390:help
1635319412176:find-param
1635319433125:help
1635319435934:find-all
1635319448939:heklp
1635319450504:help
1635319453366:select-db
1635319459585:select-db 1
1635319466338:find-all
1635319608877:help
1635319611820:find-all
1635319698801:find-param
1635320046111:help
1635320052526:find-param
1635320062059:param 1
1635321927076:help
1635322021438:param 1
1635322026071:find-param
1635322029623:param 1
1635322364729:connect
1635322566565:find-all
1635322572878:param 1
1635322582959:find-param
1635322585707:connect
1635322590114:find-all
1635322596747:connect
1635322599725:find-all
1635322636705:connect
1635322639218:find-all
1635322645217:find-param
1635322647949:3
1635322651260:param 3
